app/build/outputs/mapping/release/seeds.txt
spark.loop.callblocker.BlockerService
spark.loop.callblocker.BlockerService: BlockerService()
spark.loop.callblocker.MainActivity
spark.loop.callblocker.MainActivity: MainActivity()
spark.loop.callblocker.MainActivity: void onClick(android.view.View)
spark.loop.callblocker.R$anim: int abc_fade_in
spark.loop.callblocker.R$anim: int abc_fade_out
spark.loop.callblocker.R$anim: int abc_grow_fade_in_from_bottom
spark.loop.callblocker.R$anim: int abc_popup_enter
spark.loop.callblocker.R$anim: int abc_popup_exit
spark.loop.callblocker.R$anim: int abc_shrink_fade_out_from_bottom
spark.loop.callblocker.R$anim: int abc_slide_in_bottom
spark.loop.callblocker.R$anim: int abc_slide_in_top
spark.loop.callblocker.R$anim: int abc_slide_out_bottom
spark.loop.callblocker.R$anim: int abc_slide_out_top
spark.loop.callblocker.R$anim: int abc_tooltip_enter
spark.loop.callblocker.R$anim: int abc_tooltip_exit
spark.loop.callblocker.R$anim: int design_bottom_sheet_slide_in
spark.loop.callblocker.R$anim: int design_bottom_sheet_slide_out
spark.loop.callblocker.R$anim: int design_snackbar_in
spark.loop.callblocker.R$anim: int design_snackbar_out
spark.loop.callblocker.R$animator: int design_appbar_state_list_animator
spark.loop.callblocker.R$animator: int design_fab_hide_motion_spec
spark.loop.callblocker.R$animator: int design_fab_show_motion_spec
spark.loop.callblocker.R$animator: int mtrl_btn_state_list_anim
spark.loop.callblocker.R$animator: int mtrl_btn_unelevated_state_list_anim
spark.loop.callblocker.R$animator: int mtrl_chip_state_list_anim
spark.loop.callblocker.R$animator: int mtrl_fab_hide_motion_spec
spark.loop.callblocker.R$animator: int mtrl_fab_show_motion_spec
spark.loop.callblocker.R$animator: int mtrl_fab_transformation_sheet_collapse_spec
spark.loop.callblocker.R$animator: int mtrl_fab_transformation_sheet_expand_spec
spark.loop.callblocker.R$attr: int actionBarDivider
spark.loop.callblocker.R$attr: int actionBarItemBackground
spark.loop.callblocker.R$attr: int actionBarPopupTheme
spark.loop.callblocker.R$attr: int actionBarSize
spark.loop.callblocker.R$attr: int actionBarSplitStyle
spark.loop.callblocker.R$attr: int actionBarStyle
spark.loop.callblocker.R$attr: int actionBarTabBarStyle
spark.loop.callblocker.R$attr: int actionBarTabStyle
spark.loop.callblocker.R$attr: int actionBarTabTextStyle
spark.loop.callblocker.R$attr: int actionBarTheme
spark.loop.callblocker.R$attr: int actionBarWidgetTheme
spark.loop.callblocker.R$attr: int actionButtonStyle
spark.loop.callblocker.R$attr: int actionDropDownStyle
spark.loop.callblocker.R$attr: int actionLayout
spark.loop.callblocker.R$attr: int actionMenuTextAppearance
spark.loop.callblocker.R$attr: int actionMenuTextColor
spark.loop.callblocker.R$attr: int actionModeBackground
spark.loop.callblocker.R$attr: int actionModeCloseButtonStyle
spark.loop.callblocker.R$attr: int actionModeCloseDrawable
spark.loop.callblocker.R$attr: int actionModeCopyDrawable
spark.loop.callblocker.R$attr: int actionModeCutDrawable
spark.loop.callblocker.R$attr: int actionModeFindDrawable
spark.loop.callblocker.R$attr: int actionModePasteDrawable
spark.loop.callblocker.R$attr: int actionModePopupWindowStyle
spark.loop.callblocker.R$attr: int actionModeSelectAllDrawable
spark.loop.callblocker.R$attr: int actionModeShareDrawable
spark.loop.callblocker.R$bool: int abc_action_bar_embed_tabs
spark.loop.callblocker.R$bool: int abc_allow_stacked_button_bar
spark.loop.callblocker.R$bool: int abc_config_actionMenuItemAllCaps
spark.loop.callblocker.R$bool: int mtrl_btn_textappearance_all_caps
...
android.support.customview.R$layout: int notification_action
android.support.customview.R$layout: int notification_action_tombstone
android.support.customview.R$layout: int notification_template_custom_big
android.support.customview.R$layout: int notification_template_icon_group
android.support.customview.R$layout: int notification_template_part_chronometer
android.support.customview.R$layout: int notification_template_part_time
android.support.customview.R$string: int status_bar_notification_info_overflow
android.support.customview.R$style: int TextAppearance_Compat_Notification
android.support.customview.R$style: int TextAppearance_Compat_Notification_Info
android.support.customview.R$style: int TextAppearance_Compat_Notification_Line2
android.support.customview.R$style: int TextAppearance_Compat_Notification_Time
android.support.customview.R$style: int TextAppearance_Compat_Notification_Title
android.support.customview.R$style: int Widget_Compat_NotificationActionContainer
android.support.customview.R$style: int Widget_Compat_NotificationActionText
android.support.customview.R$styleable: int[] ColorStateListItem
android.support.customview.R$styleable: int ColorStateListItem_android_color
android.support.customview.R$styleable: int ColorStateListItem_android_alpha
android.support.customview.R$styleable: int ColorStateListItem_alpha
android.support.customview.R$styleable: int[] FontFamily
android.support.customview.R$styleable: int FontFamily_fontProviderAuthority
android.support.customview.R$styleable: int FontFamily_fontProviderCerts
android.support.customview.R$styleable: int FontFamily_fontProviderFetchStrategy
android.support.customview.R$styleable: int FontFamily_fontProviderFetchTimeout
android.support.customview.R$styleable: int FontFamily_fontProviderPackage
android.support.customview.R$styleable: int FontFamily_fontProviderQuery
android.support.customview.R$styleable: int[] FontFamilyFont
android.support.customview.R$styleable: int FontFamilyFont_android_font
android.support.customview.R$styleable: int FontFamilyFont_android_fontWeight
android.support.customview.R$styleable: int FontFamilyFont_android_fontStyle
android.support.customview.R$styleable: int FontFamilyFont_android_ttcIndex
android.support.customview.R$styleable: int FontFamilyFont_android_fontVariationSettings
android.support.customview.R$styleable: int FontFamilyFont_font
android.support.customview.R$styleable: int FontFamilyFont_fontStyle
android.support.customview.R$styleable: int FontFamilyFont_fontVariationSettings
android.support.design.R$anim: int abc_fade_in
android.support.design.R$anim: int abc_fade_out
android.support.design.R$anim: int abc_grow_fade_in_from_bottom
android.support.design.R$anim: int abc_popup_enter
android.support.design.R$anim: int abc_popup_exit
android.support.design.R$anim: int abc_shrink_fade_out_from_bottom
android.support.design.R$anim: int abc_slide_in_bottom
android.support.design.R$anim: int abc_slide_in_top
android.support.design.R$anim: int abc_slide_out_bottom
android.support.design.R$anim: int abc_slide_out_top
android.support.design.R$anim: int abc_tooltip_enter
android.support.design.R$anim: int abc_tooltip_exit
android.support.design.R$anim: int design_bottom_sheet_slide_in
android.support.design.R$anim: int design_bottom_sheet_slide_out
android.support.design.R$anim: int design_snackbar_in
android.support.design.R$anim: int design_snackbar_out