app/build/outputs/mapping/release/mapping.txt
spark.loop.callblocker.BlockerService -> spark.loop.callblocker.BlockerService:
    android.content.IntentFilter intentFilter -> a
    Database.Holder holder -> b
    Database.State state -> c
    boolean ischecked -> d
    java.util.Date date -> e
    Database.RejectedCalls rejectedCalls -> f
    java.text.SimpleDateFormat dateFormat -> g
    android.content.BroadcastReceiver receiver -> h
    void <init>() -> <init>
    android.os.IBinder onBind(android.content.Intent) -> onBind
    void onCreate() -> onCreate
    int onStartCommand(android.content.Intent,int,int) -> onStartCommand
    void Details(java.lang.String,java.lang.String,java.lang.String) -> a
    void RejectCall() -> a
spark.loop.callblocker.BlockerService$1 -> spark.loop.callblocker.BlockerService$1:
    spark.loop.callblocker.BlockerService this$0 -> a
    void <init>(spark.loop.callblocker.BlockerService) -> <init>
    void onReceive(android.content.Context,android.content.Intent) -> onReceive
spark.loop.callblocker.BlockerService$2 -> spark.loop.callblocker.BlockerService$2:
    android.os.Handler val$handler -> a
    spark.loop.callblocker.BlockerService this$0 -> b
    void <init>(spark.loop.callblocker.BlockerService,android.os.Handler) -> <init>
    void run() -> run
spark.loop.callblocker.MainActivity -> spark.loop.callblocker.MainActivity:
    android.widget.Switch switchButton -> k
    android.support.design.widget.TabLayout tabLayout -> l
    android.support.v4.view.ViewPager viewPager -> m
    android.widget.Button Information -> n
    android.content.Intent intent -> o
    Database.State state -> p
    void <init>() -> <init>
    void onCreate(android.os.Bundle) -> onCreate
    boolean hasPermission1() -> e
    boolean hasPermission2() -> f
    void onCheckedChanged(android.widget.CompoundButton,boolean) -> onCheckedChanged
    void onClick(android.view.View) -> onClick
    void Enable() -> g
    void Disable() -> h
    void onRequestPermissionsResult(int,java.lang.String[],int[]) -> onRequestPermissionsResult
...
android.support.v7.widget.RecyclerView$SmoothScroller -> android.support.v7.widget.RecyclerView$s:
    int mTargetPosition -> a
    android.support.v7.widget.RecyclerView mRecyclerView -> d
    android.support.v7.widget.RecyclerView$LayoutManager mLayoutManager -> e
    boolean mPendingInitialRun -> b
    boolean mRunning -> c
    android.view.View mTargetView -> f
    android.support.v7.widget.RecyclerView$SmoothScroller$Action mRecyclingAction -> g
    void stop() -> a
    void onAnimation$255f295() -> b
    void onChildAttachedToWindow(android.view.View) -> a
android.support.v7.widget.RecyclerView$SmoothScroller$Action -> android.support.v7.widget.RecyclerView$s$a:
    int mDx -> b
    int mDy -> c
    int mDuration -> d
    int mJumpToPosition -> a
    android.view.animation.Interpolator mInterpolator -> e
    boolean mChanged -> f
    int mConsecutiveUpdates -> g
    void runIfNecessary(android.support.v7.widget.RecyclerView) -> a
    void validate() -> a
android.support.v7.widget.RecyclerView$SmoothScroller$ScrollVectorProvider -> android.support.v7.widget.RecyclerView$s$b:
    android.graphics.PointF computeScrollVectorForPosition(int) -> b
android.support.v7.widget.RecyclerView$State -> android.support.v7.widget.RecyclerView$t:
    int mTargetPosition -> a
    android.util.SparseArray mData -> q
    int mPreviousLayoutItemCount -> b
    int mDeletedInvisibleItemCountSincePreviousLayout -> c
    int mLayoutStep -> d
    int mItemCount -> e
    boolean mStructureChanged -> f
    boolean mInPreLayout -> g
    boolean mTrackOldChangeHolders -> h
    boolean mIsMeasuring -> i
    boolean mRunSimpleAnimations -> j
    boolean mRunPredictiveAnimations -> k
    int mFocusedItemPosition -> l
    long mFocusedItemId -> m
    int mFocusedSubChildId -> n
    int mRemainingScrollHorizontal -> o
    int mRemainingScrollVertical -> p
    void <init>() -> <init>
    void assertLayoutStep(int) -> a
    int getItemCount() -> a
    java.lang.String toString() -> toString
android.support.v7.widget.RecyclerView$ViewCacheExtension -> android.support.v7.widget.RecyclerView$u:
    android.view.View getViewForPositionAndType$430f8374() -> a
android.support.v7.widget.RecyclerView$ViewFlinger -> android.support.v7.widget.RecyclerView$v:
    int mLastFlingX -> a
    int mLastFlingY -> b
    android.widget.OverScroller mScroller -> c
    android.view.animation.Interpolator mInterpolator -> d
    boolean mEatRunOnAnimationRequest -> f
    boolean mReSchedulePostAnimationCallback -> g
    android.support.v7.widget.RecyclerView this$0 -> e
    void <init>(android.support.v7.widget.RecyclerView) -> <init>
    void run() -> run
    void postOnAnimation() -> a
    void smoothScrollBy$3b4dfe4b(int,int) -> a
    float distanceInfluenceForSnapDuration(float) -> a
    int computeScrollDuration$3b4dfe58(int,int) -> b
    void smoothScrollBy(int,int,int) -> a
    void smoothScrollBy(int,int,int,android.view.animation.Interpolator) -> a
    void stop() -> b