app/build/outputs/mapping/release/usage.txt
spark.loop.callblocker.BuildConfig
spark.loop.callblocker.R
spark.loop.callblocker.R$anim
spark.loop.callblocker.R$animator
spark.loop.callblocker.R$attr
spark.loop.callblocker.R$bool
spark.loop.callblocker.R$color
spark.loop.callblocker.R$dimen
spark.loop.callblocker.R$drawable
spark.loop.callblocker.R$id
spark.loop.callblocker.R$integer
spark.loop.callblocker.R$interpolator
spark.loop.callblocker.R$layout
spark.loop.callblocker.R$string
spark.loop.callblocker.R$style
spark.loop.callblocker.R$styleable
...
android.support.v4.R$layout
android.support.v4.R$string
android.support.v4.R$style
android.support.v4.R$styleable
android.support.v4.accessibilityservice.AccessibilityServiceInfoCompat
android.support.v4.app.ActionBarDrawerToggle
android.support.v4.app.ActionBarDrawerToggle$Delegate
android.support.v4.app.ActionBarDrawerToggle$DelegateProvider
android.support.v4.app.ActionBarDrawerToggle$SetIndicatorInfo
android.support.v4.app.ActionBarDrawerToggle$SlideDrawable
android.support.v4.app.ActivityCompat:
    149:151:protected ActivityCompat()
    161:162:public static void setPermissionCompatDelegate(android.support.v4.app.ActivityCompat$PermissionCompatDelegate)
    207:208:public static boolean invalidateOptionsMenu(android.app.Activity)
    233:238:public static void startActivityForResult(android.app.Activity,android.content.Intent,int,android.os.Bundle)
    270:277:public static void startIntentSenderForResult(android.app.Activity,android.content.IntentSender,int,android.content.Intent,int,int,int,android.os.Bundle)
    304:309:public static void finishAfterTransition(android.app.Activity)
    329:341:public static android.net.Uri getReferrer(android.app.Activity)
    362:370:public static android.view.View requireViewById(android.app.Activity,int)
    383:389:public static void setEnterSharedElementCallback(android.app.Activity,android.support.v4.app.SharedElementCallback)
    402:408:public static void setExitSharedElementCallback(android.app.Activity,android.support.v4.app.SharedElementCallback)
    411:414:public static void postponeEnterTransition(android.app.Activity)
    417:420:public static void startPostponedEnterTransition(android.app.Activity)
    548:551:public static boolean shouldShowRequestPermissionRationale(android.app.Activity,java.lang.String)
    565:565:public static android.support.v13.view.DragAndDropPermissionsCompat requestDragAndDropPermissions(android.app.Activity,android.view.DragEvent)
android.support.v4.app.ActivityCompat$SharedElementCallback21Impl
android.support.v4.app.ActivityCompat$SharedElementCallback21Impl$1
android.support.v4.app.ActivityManagerCompat
android.support.v4.app.ActivityOptionsCompat
android.support.v4.app.ActivityOptionsCompat$ActivityOptionsCompatImpl
android.support.v4.app.AlarmManagerCompat
android.support.v4.app.AppComponentFactory
android.support.v4.app.AppLaunchChecker
android.support.v4.app.AppOpsManagerCompat:
    public static final int MODE_ALLOWED
    public static final int MODE_IGNORED
    public static final int MODE_ERRORED
    public static final int MODE_DEFAULT
    60:60:private AppOpsManagerCompat()
    104:109:public static int noteOp(android.content.Context,java.lang.String,int,java.lang.String)
    124:129:public static int noteOpNoThrow(android.content.Context,java.lang.String,int,java.lang.String)
    156:160:public static int noteProxyOp(android.content.Context,java.lang.String,java.lang.String)